\BOOKMARK [1][-]{section.1}{INTRODUCTION}{}% 1
\BOOKMARK [2][-]{subsection.1.1}{Purpose of this document}{section.1}% 2
\BOOKMARK [2][-]{subsection.1.2}{Document organization}{section.1}% 3
\BOOKMARK [2][-]{subsection.1.3}{Intended audience}{section.1}% 4
\BOOKMARK [2][-]{subsection.1.4}{Scope}{section.1}% 5
\BOOKMARK [2][-]{subsection.1.5}{Definitions and Acronyms}{section.1}% 6
\BOOKMARK [3][-]{subsubsection.1.5.1}{Definitions}{subsection.1.5}% 7
\BOOKMARK [3][-]{subsubsection.1.5.2}{Acronyms and abbreviations}{subsection.1.5}% 8
\BOOKMARK [1][-]{section.2}{BACKGROUND AND OBJECTIVES}{}% 9
\BOOKMARK [2][-]{subsection.2.1}{Background}{section.2}% 10
\BOOKMARK [2][-]{subsection.2.2}{Project goal}{section.2}% 11
\BOOKMARK [2][-]{subsection.2.3}{Requirements}{section.2}% 12
\BOOKMARK [1][-]{section.3}{ORGANIZATION}{}% 13
\BOOKMARK [2][-]{subsection.3.1}{Project group}{section.3}% 14
\BOOKMARK [2][-]{subsection.3.2}{Roles}{section.3}% 15
\BOOKMARK [2][-]{subsection.3.3}{Customer}{section.3}% 16
\BOOKMARK [2][-]{subsection.3.4}{Supervisor}{section.3}% 17
\BOOKMARK [2][-]{subsection.3.5}{Communication}{section.3}% 18
\BOOKMARK [2][-]{subsection.3.6}{Tools}{section.3}% 19
\BOOKMARK [1][-]{section.4}{DEVELOPMENT PROCESS}{}% 20
\BOOKMARK [2][-]{subsection.4.1}{Sprint Planning}{section.4}% 21
\BOOKMARK [2][-]{subsection.4.2}{Sprint Review}{section.4}% 22
\BOOKMARK [2][-]{subsection.4.3}{Sprint Retrospective}{section.4}% 23
\BOOKMARK [2][-]{subsection.4.4}{Daily Scrum meeting}{section.4}% 24
\BOOKMARK [1][-]{section.5}{DELIVERABLES}{}% 25
\BOOKMARK [1][-]{section.6}{PROJECT PLAN}{}% 26
\BOOKMARK [2][-]{subsection.6.1}{Time schedule}{section.6}% 27
\BOOKMARK [1][-]{section.7}{PROJECT RISKS}{}% 28
